#
# There is insufficient memory for the Java Runtime Environment to continue.
# Native memory allocation (mmap) failed to map 25165824 bytes for G1 virtual space
# Possible reasons:
#   The system is out of physical RAM or swap space
#   The process is running with CompressedOops enabled, and the Java Heap may be blocking the growth of the native heap
# Possible solutions:
#   Reduce memory load on the system
#   Increase physical memory or swap space
#   Check if swap backing store is full
#   Decrease Java heap size (-Xmx/-Xms)
#   Decrease number of Java threads
#   Decrease Java thread stack sizes (-Xss)
#   Set larger code cache with -XX:ReservedCodeCacheSize=
#   JVM is running with Zero Based Compressed Oops mode in which the Java heap is
#     placed in the first 32GB address space. The Java Heap base address is the
#     maximum limit for the native heap growth. Please use -XX:HeapBaseMinAddress
#     to set the Java Heap base and to place the Java Heap above 32GB virtual address.
# This output file may be truncated or incomplete.
#
#  Out of Memory Error (os_windows.cpp:3550), pid=13124, tid=23808
#
# JRE version: Java(TM) SE Runtime Environment (17.0.7+8) (build 17.0.7+8-LTS-224)
# Java VM: Java HotSpot(TM) 64-Bit Server VM (17.0.7+8-LTS-224, mixed mode, sharing, tiered, compressed oops, compressed class ptrs, g1 gc, windows-amd64)
# No core dump will be written. Minidumps are not enabled by default on client versions of Windows
#

---------------  S U M M A R Y ------------

Command Line: -Dapplication.home=C:\Program Files\Java\jdk-17 --add-modules=ALL-DEFAULT -Xms8m -Djdk.module.main=jdk.compiler jdk.compiler/com.sun.tools.javac.Main .\\CalculatorSwitchCase.java

Host: AMD Ryzen 7 5800H with Radeon Graphics         , 16 cores, 13G,  Windows 11 , 64 bit Build 22621 (10.0.22621.1928)
Time: Wed Aug  2 00:19:12 2023 India Standard Time elapsed time: 0.423067 seconds (0d 0h 0m 0s)

---------------  T H R E A D  ---------------

Current thread (0x000001c2fe612ca0):  VMThread "VM Thread" [stack: 0x0000005c91e00000,0x0000005c91f00000] [id=23808]

Stack: [0x0000005c91e00000,0x0000005c91f00000]
Native frames: (J=compiled Java code, j=interpreted, Vv=VM code, C=native code)
V  [jvm.dll+0x676a4a]
V  [jvm.dll+0x7d74f4]
V  [jvm.dll+0x7d8c9e]
V  [jvm.dll+0x7d9303]
V  [jvm.dll+0x2452c5]
V  [jvm.dll+0x6738f9]
V  [jvm.dll+0x668232]
V  [jvm.dll+0x302826]
V  [jvm.dll+0x309da6]
V  [jvm.dll+0x35952e]
V  [jvm.dll+0x35975f]
V  [jvm.dll+0x2d9a38]
V  [jvm.dll+0x2d7e45]
V  [jvm.dll+0x2d744c]
V  [jvm.dll+0x31ab1b]
V  [jvm.dll+0x7ddb0b]
V  [jvm.dll+0x7de844]
V  [jvm.dll+0x7ded5d]
V  [jvm.dll+0x7df134]
V  [jvm.dll+0x7df200]
V  [jvm.dll+0x78759a]
V  [jvm.dll+0x675875]
C  [ucrtbase.dll+0x29363]
C  [KERNEL32.DLL+0x126ad]
C  [ntdll.dll+0x5aa68]

VM_Operation (0x0000005c918fcd40): G1CollectForAllocation, mode: safepoint, requested by thread 0x000001c2da0ba3b0


---------------  P R O C E S S  ---------------

Threads class SMR info:
_java_thread_list=0x000001c2ff542870, length=18, elements={
0x000001c2da0ba3b0, 0x000001c2fe616640, 0x000001c2fe618110, 0x000001c2fe630c00,
0x000001c2fe6334d0, 0x000001c2fe633d90, 0x000001c2fe634650, 0x000001c2fe638740,
0x000001c2fe63c060, 0x000001c2fe645940, 0x000001c2ff067e80, 0x000001c2ff0905f0,
0x000001c2ff093120, 0x000001c2ff0b4660, 0x000001c2ff11b440, 0x000001c2ff3aa280,
0x000001c2ff549b60, 0x000001c2ff909730
}

Java Threads: ( => current thread )
  0x000001c2da0ba3b0 JavaThread "main" [_thread_blocked, id=20556, stack(0x0000005c91800000,0x0000005c91900000)]
  0x000001c2fe616640 JavaThread "Reference Handler" daemon [_thread_blocked, id=14988, stack(0x0000005c91f00000,0x0000005c92000000)]
  0x000001c2fe618110 JavaThread "Finalizer" daemon [_thread_blocked, id=16972, stack(0x0000005c92000000,0x0000005c92100000)]
  0x000001c2fe630c00 JavaThread "Signal Dispatcher" daemon [_thread_blocked, id=21880, stack(0x0000005c92100000,0x0000005c92200000)]
  0x000001c2fe6334d0 JavaThread "Attach Listener" daemon [_thread_blocked, id=520, stack(0x0000005c92200000,0x0000005c92300000)]
  0x000001c2fe633d90 JavaThread "Service Thread" daemon [_thread_blocked, id=8892, stack(0x0000005c92300000,0x0000005c92400000)]
  0x000001c2fe634650 JavaThread "Monitor Deflation Thread" daemon [_thread_blocked, id=17664, stack(0x0000005c92400000,0x0000005c92500000)]
  0x000001c2fe638740 JavaThread "C2 CompilerThread0" daemon [_thread_blocked, id=8552, stack(0x0000005c92500000,0x0000005c92600000)]
  0x000001c2fe63c060 JavaThread "C1 CompilerThread0" daemon [_thread_blocked, id=11960, stack(0x0000005c92600000,0x0000005c92700000)]
  0x000001c2fe645940 JavaThread "Sweeper thread" daemon [_thread_blocked, id=16208, stack(0x0000005c92700000,0x0000005c92800000)]
  0x000001c2ff067e80 JavaThread "Common-Cleaner" daemon [_thread_blocked, id=18180, stack(0x0000005c92800000,0x0000005c92900000)]
  0x000001c2ff0905f0 JavaThread "C1 CompilerThread1" daemon [_thread_blocked, id=14520, stack(0x0000005c92900000,0x0000005c92a00000)]
  0x000001c2ff093120 JavaThread "C1 CompilerThread2" daemon [_thread_blocked, id=496, stack(0x0000005c92a00000,0x0000005c92b00000)]
  0x000001c2ff0b4660 JavaThread "C2 CompilerThread1" daemon [_thread_blocked, id=10408, stack(0x0000005c92b00000,0x0000005c92c00000)]
  0x000001c2ff11b440 JavaThread "Notification Thread" daemon [_thread_blocked, id=20336, stack(0x0000005c92c00000,0x0000005c92d00000)]
  0x000001c2ff3aa280 JavaThread "C1 CompilerThread3" daemon [_thread_blocked, id=500, stack(0x0000005c93100000,0x0000005c93200000)]
  0x000001c2ff549b60 JavaThread "C2 CompilerThread2" daemon [_thread_blocked, id=508, stack(0x0000005c93400000,0x0000005c93500000)]
  0x000001c2ff909730 JavaThread "C2 CompilerThread3" daemon [_thread_blocked, id=17900, stack(0x0000005c93500000,0x0000005c93600000)]

Other Threads:
=>0x000001c2fe612ca0 VMThread "VM Thread" [stack: 0x0000005c91e00000,0x0000005c91f00000] [id=23808]
  0x000001c2ff11c110 WatcherThread [stack: 0x0000005c92d00000,0x0000005c92e00000] [id=10004]
  0x000001c2dc29cf40 GCTaskThread "GC Thread#0" [stack: 0x0000005c91900000,0x0000005c91a00000] [id=13528]
  0x000001c2ff2f25a0 GCTaskThread "GC Thread#1" [stack: 0x0000005c92e00000,0x0000005c92f00000] [id=10444]
  0x000001c2ff2f3ca0 GCTaskThread "GC Thread#2" [stack: 0x0000005c92f00000,0x0000005c93000000] [id=12600]
  0x000001c2ff2d94d0 GCTaskThread "GC Thread#3" [stack: 0x0000005c93000000,0x0000005c93100000] [id=18636]
  0x000001c2ff4c2ea0 GCTaskThread "GC Thread#4" [stack: 0x0000005c93200000,0x0000005c93300000] [id=23992]
  0x000001c2ff5a0170 GCTaskThread "GC Thread#5" [stack: 0x0000005c93300000,0x0000005c93400000] [id=13500]
  0x000001c2ff836f50 GCTaskThread "GC Thread#6" [stack: 0x0000005c93600000,0x0000005c93700000] [id=10628]
  0x000001c2dc2afde0 ConcurrentGCThread "G1 Main Marker" [stack: 0x0000005c91a00000,0x0000005c91b00000] [id=13064]
  0x000001c2dc2b0f90 ConcurrentGCThread "G1 Conc#0" [stack: 0x0000005c91b00000,0x0000005c91c00000] [id=24324]
  0x000001c2dc306380 ConcurrentGCThread "G1 Refine#0" [stack: 0x0000005c91c00000,0x0000005c91d00000] [id=7956]
  0x000001c2dc308b70 ConcurrentGCThread "G1 Service" [stack: 0x0000005c91d00000,0x0000005c91e00000] [id=18780]

Threads with active compile tasks:
C1 CompilerThread0      441 1469       3       java.util.stream.MatchOps::makeRef (29 bytes)
C1 CompilerThread1      441 1468       3       java.util.stream.AbstractPipeline::copyIntoWithCancel (46 bytes)
C1 CompilerThread2      441 1465       3       com.sun.tools.javac.jvm.ClassReader::readField (61 bytes)

VM state: at safepoint (normal execution)

VM Mutex/Monitor currently owned by a thread:  ([mutex/lock_event])
[0x000001c2dc23db90] Threads_lock - owner thread: 0x000001c2fe612ca0
[0x000001c2dc23db00] Heap_lock - owner thread: 0x000001c2da0ba3b0

Heap address: 0x0000000722400000, size: 3548 MB, Compressed Oops mode: Zero based, Oop shift amount: 3

CDS archive(s) mapped at: [0x0000000800000000-0x0000000800bd0000-0x0000000800bd0000), size 12386304, SharedBaseAddress: 0x0000000800000000, ArchiveRelocationMode: 0.
Compressed class space mapped at: 0x0000000800c00000-0x0000000840c00000, reserved size: 1073741824
Narrow klass base: 0x0000000800000000, Narrow klass shift: 0, Narrow klass range: 0x100000000

GC Precious Log:
 CPUs: 16 total, 16 available
 Memory: 14188M
 Large Page Support: Disabled
 NUMA Support: Disabled
 Compressed Oops: Enabled (Zero based)
 Heap Region Size: 2M
 Heap Min Capacity: 8M
 Heap Initial Capacity: 8M
 Heap Max Capacity: 3548M
 Pre-touch: Disabled
 Parallel Workers: 13
 Concurrent Workers: 3
 Concurrent Refinement Workers: 13
 Periodic GC: Disabled

Heap:
 garbage-first heap   total 16384K, used 5640K [0x0000000722400000, 0x0000000800000000)
  region size 2048K, 1 young (2048K), 1 survivors (2048K)
 Metaspace       used 9110K, committed 9280K, reserved 1064960K
  class space    used 1067K, committed 1152K, reserved 1048576K

Heap Regions: E=young(eden), S=young(survivor), O=old, HS=humongous(starts), HC=humongous(continues), CS=collection set, F=free, OA=open archive, CA=closed archive, TAMS=top-at-mark-start (previous, next)
|   0|0x0000000722400000, 0x0000000722600000, 0x0000000722600000|100%| O|  |TAMS 0x0000000722400000, 0x0000000722400000| Untracked 
|   1|0x0000000722600000, 0x0000000722600000, 0x0000000722800000|  0%| F|  |TAMS 0x0000000722600000, 0x0000000722600000| Untracked 
|   2|0x0000000722800000, 0x0000000722800000, 0x0000000722a00000|  0%| F|  |TAMS 0x0000000722800000, 0x0000000722800000| Untracked 
|   3|0x0000000722a00000, 0x0000000722a00000, 0x0000000722c00000|  0%| F|  |TAMS 0x0000000722a00000, 0x0000000722a00000| Untracked 
|   4|0x0000000722c00000, 0x0000000722da2318, 0x0000000722e00000| 81%| S|CS|TAMS 0x0000000722c00000, 0x0000000722c00000| Complete 
|   5|0x0000000722e00000, 0x0000000722e00000, 0x0000000723000000|  0%| F|  |TAMS 0x0000000722e00000, 0x0000000722e00000| Untracked 
|   6|0x0000000723000000, 0x0000000723000000, 0x0000000723200000|  0%| F|  |TAMS 0x0000000723000000, 0x0000000723000000| Untracked 
|1773|0x00000007ffe00000, 0x00000007fffdfe00, 0x0000000800000000| 93%| O|  |TAMS 0x00000007ffe00000, 0x00000007ffe00000| Untracked 

Card table byte_map: [0x000001c2f3a30000,0x000001c2f4120000] _byte_map_base: 0x000001c2f011e000

Marking Bits (Prev, Next): (CMBitMap*) 0x000001c2dc29f570, (CMBitMap*) 0x000001c2dc29f5b0
 Prev Bits: [0x000001c2f4810000, 0x000001c2f7f80000)
 Next Bits: [0x000001c2f7f80000, 0x000001c2fb6f0000)

Polling page: 0x000001c2da180000

Metaspace:

Usage:
  Non-class:      7.85 MB used.
      Class:      1.04 MB used.
       Both:      8.90 MB used.

Virtual space:
  Non-class space:       16.00 MB reserved,       7.94 MB ( 50%) committed,  2 nodes.
      Class space:        1.00 GB reserved,       1.12 MB ( <1%) committed,  1 nodes.
             Both:        1.02 GB reserved,       9.06 MB ( <1%) committed. 

Chunk freelists:
   Non-Class:  1.75 MB
       Class:  2.81 MB
        Both:  4.56 MB

MaxMetaspaceSize: unlimited
CompressedClassSpaceSize: 1.00 GB
Initial GC threshold: 21.00 MB
Current GC threshold: 21.00 MB
CDS: on
MetaspaceReclaimPolicy: balanced
 - commit_granule_bytes: 65536.
 - commit_granule_words: 8192.
 - virtual_space_node_default_size: 1048576.
 - enlarge_chunks_in_place: 1.
 - new_chunks_are_fully_committed: 0.
 - uncommit_free_chunks: 1.
 - use_allocation_guard: 0.
 - handle_deallocations: 1.


Internal statistics:

num_allocs_failed_limit: 0.
num_arena_births: 72.
num_arena_deaths: 0.
num_vsnodes_births: 3.
num_vsnodes_deaths: 0.
num_space_committed: 145.
num_space_uncommitted: 0.
num_chunks_returned_to_freelist: 0.
num_chunks_taken_from_freelist: 386.
num_chunk_merges: 0.
num_chunk_splits: 265.
num_chunks_enlarged: 209.
num_purges: 0.
num_inconsistent_stats: 0.

CodeHeap 'non-profiled nmethods': size=119168Kb used=439Kb max_used=439Kb free=118728Kb
 bounds [0x000001c2eb660000, 0x000001c2eb8d0000, 0x000001c2f2ac0000]
CodeHeap 'profiled nmethods': size=119104Kb used=2602Kb max_used=2602Kb free=116501Kb
 bounds [0x000001c2e3ac0000, 0x000001c2e3d50000, 0x000001c2eaf10000]
CodeHeap 'non-nmethods': size=7488Kb used=2815Kb max_used=2846Kb free=4672Kb
 bounds [0x000001c2eaf10000, 0x000001c2eb1e0000, 0x000001c2eb660000]
 total_blobs=1877 nmethods=1467 adapters=319
 compilation: enabled
              stopped_count=0, restarted_count=0
 full_count=0

Compilation events (20 events):
Event: 0.409 Thread 0x000001c2ff0b4660 nmethod 1355 0x000001c2eb6cb990 code [0x000001c2eb6cbbc0, 0x000001c2eb6cd090]
Event: 0.409 Thread 0x000001c2ff093120 1459       1       com.sun.tools.javac.code.Type::constValue (2 bytes)
Event: 0.409 Thread 0x000001c2ff0905f0 1460       3       com.sun.tools.javac.util.ArrayUtils::ensureCapacity (30 bytes)
Event: 0.409 Thread 0x000001c2ff093120 nmethod 1459 0x000001c2eb6cda10 code [0x000001c2eb6cdba0, 0x000001c2eb6cdc78]
Event: 0.409 Thread 0x000001c2ff3aa280 1461       3       com.sun.tools.javac.code.Types::erasure (19 bytes)
Event: 0.409 Thread 0x000001c2ff093120 1462       3       com.sun.tools.javac.code.Types::eraseNotNeeded (30 bytes)
Event: 0.410 Thread 0x000001c2ff0905f0 nmethod 1460 0x000001c2e3d47290 code [0x000001c2e3d47460, 0x000001c2e3d477e8]
Event: 0.410 Thread 0x000001c2ff093120 nmethod 1462 0x000001c2e3d47990 code [0x000001c2e3d47b40, 0x000001c2e3d47de8]
Event: 0.410 Thread 0x000001c2ff3aa280 nmethod 1461 0x000001c2e3d47f10 code [0x000001c2e3d48120, 0x000001c2e3d488c8]
Event: 0.411 Thread 0x000001c2fe63c060 1463       3       com.sun.tools.javac.code.Types$14::visitType (10 bytes)
Event: 0.411 Thread 0x000001c2ff0905f0 1464       3       com.sun.tools.javac.code.Types$14::visitType (16 bytes)
Event: 0.411 Thread 0x000001c2ff093120 1465       3       com.sun.tools.javac.jvm.ClassReader::readField (61 bytes)
Event: 0.411 Thread 0x000001c2ff3aa280 1466       3       com.sun.tools.javac.jvm.ClassReader::adjustFieldFlags (2 bytes)
Event: 0.411 Thread 0x000001c2ff3aa280 nmethod 1466 0x000001c2e3d48b10 code [0x000001c2e3d48ca0, 0x000001c2e3d48db8]
Event: 0.411 Thread 0x000001c2ff3aa280 1467       3       java.util.stream.ReferencePipeline::forEachWithCancel (23 bytes)
Event: 0.411 Thread 0x000001c2ff0905f0 nmethod 1464 0x000001c2e3d48e90 code [0x000001c2e3d49040, 0x000001c2e3d492b8]
Event: 0.411 Thread 0x000001c2ff0905f0 1468       3       java.util.stream.AbstractPipeline::copyIntoWithCancel (46 bytes)
Event: 0.411 Thread 0x000001c2fe63c060 nmethod 1463 0x000001c2e3d49390 code [0x000001c2e3d49560, 0x000001c2e3d49938]
Event: 0.411 Thread 0x000001c2fe63c060 1469       3       java.util.stream.MatchOps::makeRef (29 bytes)
Event: 0.411 Thread 0x000001c2ff3aa280 nmethod 1467 0x000001c2e3d49a90 code [0x000001c2e3d49c60, 0x000001c2e3d4a018]

GC Heap History (17 events):
Event: 0.082 GC heap before
{Heap before GC invocations=0 (full 0):
 garbage-first heap   total 8192K, used 2048K [0x0000000722400000, 0x0000000800000000)
  region size 2048K, 1 young (2048K), 0 survivors (0K)
 Metaspace       used 1398K, committed 1536K, reserved 1056768K
  class space    used 162K, committed 256K, reserved 1048576K
}
Event: 0.083 GC heap after
{Heap after GC invocations=1 (full 0):
 garbage-first heap   total 8192K, used 1248K [0x0000000722400000, 0x0000000800000000)
  region size 2048K, 1 young (2048K), 1 survivors (2048K)
 Metaspace       used 1398K, committed 1536K, reserved 1056768K
  class space    used 162K, committed 256K, reserved 1048576K
}
Event: 0.175 GC heap before
{Heap before GC invocations=1 (full 0):
 garbage-first heap   total 8192K, used 1248K [0x0000000722400000, 0x0000000800000000)
  region size 2048K, 2 young (4096K), 1 survivors (2048K)
 Metaspace       used 5174K, committed 5376K, reserved 1056768K
  class space    used 625K, committed 704K, reserved 1048576K
}
Event: 0.178 GC heap after
{Heap after GC invocations=2 (full 0):
 garbage-first heap   total 8192K, used 1970K [0x0000000722400000, 0x0000000800000000)
  region size 2048K, 1 young (2048K), 1 survivors (2048K)
 Metaspace       used 5174K, committed 5376K, reserved 1056768K
  class space    used 625K, committed 704K, reserved 1048576K
}
Event: 0.256 GC heap before
{Heap before GC invocations=2 (full 0):
 garbage-first heap   total 8192K, used 1970K [0x0000000722400000, 0x0000000800000000)
  region size 2048K, 2 young (4096K), 1 survivors (2048K)
 Metaspace       used 7541K, committed 7680K, reserved 1064960K
  class space    used 875K, committed 960K, reserved 1048576K
}
Event: 0.260 GC heap after
{Heap after GC invocations=3 (full 0):
 garbage-first heap   total 8192K, used 2419K [0x0000000722400000, 0x0000000800000000)
  region size 2048K, 1 young (2048K), 1 survivors (2048K)
 Metaspace       used 7541K, committed 7680K, reserved 1064960K
  class space    used 875K, committed 960K, reserved 1048576K
}
Event: 0.290 GC heap before
{Heap before GC invocations=3 (full 0):
 garbage-first heap   total 8192K, used 2419K [0x0000000722400000, 0x0000000800000000)
  region size 2048K, 2 young (4096K), 1 survivors (2048K)
 Metaspace       used 7918K, committed 8064K, reserved 1064960K
  class space    used 925K, committed 1024K, reserved 1048576K
}
Event: 0.293 GC heap after
{Heap after GC invocations=4 (full 0):
 garbage-first heap   total 8192K, used 3107K [0x0000000722400000, 0x0000000800000000)
  region size 2048K, 1 young (2048K), 1 survivors (2048K)
 Metaspace       used 7918K, committed 8064K, reserved 1064960K
  class space    used 925K, committed 1024K, reserved 1048576K
}
Event: 0.306 GC heap before
{Heap before GC invocations=4 (full 0):
 garbage-first heap   total 8192K, used 3107K [0x0000000722400000, 0x0000000800000000)
  region size 2048K, 2 young (4096K), 1 survivors (2048K)
 Metaspace       used 8013K, committed 8192K, reserved 1064960K
  class space    used 928K, committed 1024K, reserved 1048576K
}
Event: 0.308 GC heap after
{Heap after GC invocations=5 (full 0):
 garbage-first heap   total 16384K, used 3435K [0x0000000722400000, 0x0000000800000000)
  region size 2048K, 1 young (2048K), 1 survivors (2048K)
 Metaspace       used 8013K, committed 8192K, reserved 1064960K
  class space    used 928K, committed 1024K, reserved 1048576K
}
Event: 0.318 GC heap before
{Heap before GC invocations=5 (full 0):
 garbage-first heap   total 16384K, used 5483K [0x0000000722400000, 0x0000000800000000)
  region size 2048K, 2 young (4096K), 1 survivors (2048K)
 Metaspace       used 8049K, committed 8192K, reserved 1064960K
  class space    used 934K, committed 1024K, reserved 1048576K
}
Event: 0.320 GC heap after
{Heap after GC invocations=6 (full 0):
 garbage-first heap   total 16384K, used 3887K [0x0000000722400000, 0x0000000800000000)
  region size 2048K, 1 young (2048K), 1 survivors (2048K)
 Metaspace       used 8049K, committed 8192K, reserved 1064960K
  class space    used 934K, committed 1024K, reserved 1048576K
}
Event: 0.324 GC heap before
{Heap before GC invocations=6 (full 0):
 garbage-first heap   total 16384K, used 5935K [0x0000000722400000, 0x0000000800000000)
  region size 2048K, 2 young (4096K), 1 survivors (2048K)
 Metaspace       used 8056K, committed 8192K, reserved 1064960K
  class space    used 934K, committed 1024K, reserved 1048576K
}
Event: 0.327 GC heap after
{Heap after GC invocations=7 (full 0):
 garbage-first heap   total 16384K, used 4054K [0x0000000722400000, 0x0000000800000000)
  region size 2048K, 1 young (2048K), 1 survivors (2048K)
 Metaspace       used 8056K, committed 8192K, reserved 1064960K
  class space    used 934K, committed 1024K, reserved 1048576K
}
Event: 0.361 GC heap before
{Heap before GC invocations=7 (full 0):
 garbage-first heap   total 16384K, used 8150K [0x0000000722400000, 0x0000000800000000)
  region size 2048K, 3 young (6144K), 1 survivors (2048K)
 Metaspace       used 8426K, committed 8640K, reserved 1064960K
  class space    used 977K, committed 1088K, reserved 1048576K
}
Event: 0.363 GC heap after
{Heap after GC invocations=8 (full 0):
 garbage-first heap   total 16384K, used 4907K [0x0000000722400000, 0x0000000800000000)
  region size 2048K, 1 young (2048K), 1 survivors (2048K)
 Metaspace       used 8426K, committed 8640K, reserved 1064960K
  class space    used 977K, committed 1088K, reserved 1048576K
}
Event: 0.411 GC heap before
{Heap before GC invocations=8 (full 0):
 garbage-first heap   total 16384K, used 6955K [0x0000000722400000, 0x0000000800000000)
  region size 2048K, 3 young (6144K), 1 survivors (2048K)
 Metaspace       used 9110K, committed 9280K, reserved 1064960K
  class space    used 1067K, committed 1152K, reserved 1048576K
}

Deoptimization events (20 events):
Event: 0.403 Thread 0x000001c2da0ba3b0 Uncommon trap: trap_request=0xffffffc6 fr.pc=0x000001c2eb69f1f8 relative=0x0000000000001338
Event: 0.403 Thread 0x000001c2da0ba3b0 Uncommon trap: reason=bimorphic_or_optimized_type_check action=maybe_recompile pc=0x000001c2eb69f1f8 method=java.util.HashMap.putVal(ILjava/lang/Object;Ljava/lang/Object;ZZ)Ljava/lang/Object; @ 253 c2
Event: 0.403 Thread 0x000001c2da0ba3b0 DEOPT PACKING pc=0x000001c2eb69f1f8 sp=0x0000005c918ff160
Event: 0.403 Thread 0x000001c2da0ba3b0 DEOPT UNPACKING pc=0x000001c2eaf623a3 sp=0x0000005c918ff0b8 mode 2
Event: 0.405 Thread 0x000001c2da0ba3b0 Uncommon trap: trap_request=0xffffffc6 fr.pc=0x000001c2eb6a2064 relative=0x0000000000001324
Event: 0.405 Thread 0x000001c2da0ba3b0 Uncommon trap: reason=bimorphic_or_optimized_type_check action=maybe_recompile pc=0x000001c2eb6a2064 method=java.util.HashMap.putVal(ILjava/lang/Object;Ljava/lang/Object;ZZ)Ljava/lang/Object; @ 253 c2
Event: 0.405 Thread 0x000001c2da0ba3b0 DEOPT PACKING pc=0x000001c2eb6a2064 sp=0x0000005c918ff0e0
Event: 0.405 Thread 0x000001c2da0ba3b0 DEOPT UNPACKING pc=0x000001c2eaf623a3 sp=0x0000005c918ff0c0 mode 2
Event: 0.409 Thread 0x000001c2da0ba3b0 Uncommon trap: trap_request=0xffffffde fr.pc=0x000001c2eb699d60 relative=0x0000000000000520
Event: 0.409 Thread 0x000001c2da0ba3b0 Uncommon trap: reason=class_check action=maybe_recompile pc=0x000001c2eb699d60 method=java.util.HashMap.getNode(Ljava/lang/Object;)Ljava/util/HashMap$Node; @ 128 c2
Event: 0.409 Thread 0x000001c2da0ba3b0 DEOPT PACKING pc=0x000001c2eb699d60 sp=0x0000005c918fe350
Event: 0.409 Thread 0x000001c2da0ba3b0 DEOPT UNPACKING pc=0x000001c2eaf623a3 sp=0x0000005c918fe268 mode 2
Event: 0.409 Thread 0x000001c2da0ba3b0 Uncommon trap: trap_request=0xffffff45 fr.pc=0x000001c2eb6c5fc8 relative=0x0000000000000048
Event: 0.409 Thread 0x000001c2da0ba3b0 Uncommon trap: reason=unstable_if action=reinterpret pc=0x000001c2eb6c5fc8 method=com.sun.tools.javac.util.ArrayUtils.ensureCapacity([BI)[B @ 3 c2
Event: 0.409 Thread 0x000001c2da0ba3b0 DEOPT PACKING pc=0x000001c2eb6c5fc8 sp=0x0000005c918fe740
Event: 0.409 Thread 0x000001c2da0ba3b0 DEOPT UNPACKING pc=0x000001c2eaf623a3 sp=0x0000005c918fe6c8 mode 2
Event: 0.411 Thread 0x000001c2da0ba3b0 Uncommon trap: trap_request=0xffffff45 fr.pc=0x000001c2eb6b35fc relative=0x0000000000000a3c
Event: 0.411 Thread 0x000001c2da0ba3b0 Uncommon trap: reason=unstable_if action=reinterpret pc=0x000001c2eb6b35fc method=com.sun.tools.javac.util.ArrayUtils.ensureCapacity([BI)[B @ 3 c2
Event: 0.411 Thread 0x000001c2da0ba3b0 DEOPT PACKING pc=0x000001c2eb6b35fc sp=0x0000005c918fd030
Event: 0.411 Thread 0x000001c2da0ba3b0 DEOPT UNPACKING pc=0x000001c2eaf623a3 sp=0x0000005c918fcf58 mode 2

Classes unloaded (0 events):
No events

Classes redefined (0 events):
No events

Internal exceptions (20 events):
Event: 0.143 Thread 0x000001c2da0ba3b0 Exception <a 'java/lang/NoSuchMethodError'{0x0000000722b6b050}: 'int java.lang.invoke.DirectMethodHandle$Holder.invokeStaticInit(java.lang.Object, java.lang.Object)'> (0x0000000722b6b050) 
thrown [s\open\src\hotspot\share\interpreter\linkResolver.cpp, line 759]
Event: 0.184 Thread 0x000001c2da0ba3b0 Exception <a 'java/lang/NoSuchMethodError'{0x0000000722a0cdf8}: 'int java.lang.invoke.DirectMethodHandle$Holder.invokeVirtual(java.lang.Object, java.lang.Object)'> (0x0000000722a0cdf8) 
thrown [s\open\src\hotspot\share\interpreter\linkResolver.cpp, line 759]
Event: 0.187 Thread 0x000001c2da0ba3b0 Exception <a 'java/lang/NoSuchMethodError'{0x0000000722a34658}: 'java.lang.Object java.lang.invoke.DirectMethodHandle$Holder.newInvokeSpecial(java.lang.Object, java.lang.Object, java.lang.Object, java.lang.Object, java.lang.Object)'> (0x0000000722a34658) 
thrown [s\open\src\hotspot\share\interpreter\linkResolver.cpp, line 759]
Event: 0.188 Thread 0x000001c2da0ba3b0 Exception <a 'java/lang/NoSuchMethodError'{0x0000000722a42d48}: 'java.lang.Object java.lang.invoke.DirectMethodHandle$Holder.newInvokeSpecial(java.lang.Object, java.lang.Object, java.lang.Object, java.lang.Object, java.lang.Object, java.lang.Object)'> (0x0000000722a42d48) 
thrown [s\open\src\hotspot\share\interpreter\linkResolver.cpp, line 759]
Event: 0.199 Thread 0x000001c2da0ba3b0 Exception <a 'java/lang/NoSuchMethodError'{0x0000000722a8c228}: 'java.lang.Object java.lang.invoke.DirectMethodHandle$Holder.invokeVirtual(java.lang.Object, java.lang.Object, java.lang.Object)'> (0x0000000722a8c228) 
thrown [s\open\src\hotspot\share\interpreter\linkResolver.cpp, line 759]
Event: 0.201 Thread 0x000001c2da0ba3b0 Exception <a 'java/lang/NoSuchMethodError'{0x0000000722a970e0}: 'int java.lang.invoke.DirectMethodHandle$Holder.invokeInterface(java.lang.Object, java.lang.Object)'> (0x0000000722a970e0) 
thrown [s\open\src\hotspot\share\interpreter\linkResolver.cpp, line 759]
Event: 0.201 Thread 0x000001c2da0ba3b0 Exception <a 'sun/nio/fs/WindowsException'{0x0000000722a9d628}> (0x0000000722a9d628) 
thrown [s\open\src\hotspot\share\prims\jni.cpp, line 516]
Event: 0.201 Thread 0x000001c2da0ba3b0 Exception <a 'sun/nio/fs/WindowsException'{0x0000000722aa11a8}> (0x0000000722aa11a8) 
thrown [s\open\src\hotspot\share\prims\jni.cpp, line 516]
Event: 0.207 Thread 0x000001c2da0ba3b0 Exception <a 'java/lang/NoSuchMethodError'{0x0000000722abab08}: 'java.lang.Object java.lang.invoke.DirectMethodHandle$Holder.invokeStaticInit(java.lang.Object)'> (0x0000000722abab08) 
thrown [s\open\src\hotspot\share\interpreter\linkResolver.cpp, line 759]
Event: 0.256 Thread 0x000001c2da0ba3b0 Exception <a 'java/lang/NoSuchMethodError'{0x0000000722bff238}: 'java.lang.Object java.lang.invoke.DirectMethodHandle$Holder.invokeVirtual(java.lang.Object, java.lang.Object, java.lang.Object, int, int)'> (0x0000000722bff238) 
thrown [s\open\src\hotspot\share\interpreter\linkResolver.cpp, line 759]
Event: 0.261 Thread 0x000001c2da0ba3b0 Exception <a 'java/lang/NoSuchMethodError'{0x0000000722a06420}: 'java.lang.Object java.lang.invoke.DirectMethodHandle$Holder.invokeVirtual(java.lang.Object, java.lang.Object, int)'> (0x0000000722a06420) 
thrown [s\open\src\hotspot\share\interpreter\linkResolver.cpp, line 759]
Event: 0.264 Thread 0x000001c2da0ba3b0 Exception <a 'java/lang/NoSuchMethodError'{0x0000000722a1d4e0}: 'java.lang.Object java.lang.invoke.DirectMethodHandle$Holder.invokeSpecial(java.lang.Object, java.lang.Object, java.lang.Object, int, int)'> (0x0000000722a1d4e0) 
thrown [s\open\src\hotspot\share\interpreter\linkResolver.cpp, line 759]
Event: 0.279 Thread 0x000001c2da0ba3b0 Exception <a 'java/lang/NoSuchMethodError'{0x0000000722b54168}: 'void java.lang.invoke.DirectMethodHandle$Holder.invokeStatic(java.lang.Object, java.lang.Object)'> (0x0000000722b54168) 
thrown [s\open\src\hotspot\share\interpreter\linkResolver.cpp, line 759]
Event: 0.280 Thread 0x000001c2da0ba3b0 Exception <a 'sun/nio/fs/WindowsException'{0x0000000722b5e048}> (0x0000000722b5e048) 
thrown [s\open\src\hotspot\share\prims\jni.cpp, line 516]
Event: 0.309 Thread 0x000001c2da0ba3b0 Exception <a 'java/lang/NoSuchMethodError'{0x00000007230048a0}: 'int java.lang.invoke.DirectMethodHandle$Holder.invokeSpecial(java.lang.Object, java.lang.Object, java.lang.Object)'> (0x00000007230048a0) 
thrown [s\open\src\hotspot\share\interpreter\linkResolver.cpp, line 759]
Event: 0.311 Thread 0x000001c2da0ba3b0 Exception <a 'sun/nio/fs/WindowsException'{0x000000072300ef28}> (0x000000072300ef28) 
thrown [s\open\src\hotspot\share\prims\jni.cpp, line 516]
Event: 0.311 Thread 0x000001c2da0ba3b0 Exception <a 'sun/nio/fs/WindowsException'{0x000000072300f0b8}> (0x000000072300f0b8) 
thrown [s\open\src\hotspot\share\prims\jni.cpp, line 516]
Event: 0.329 Thread 0x000001c2da0ba3b0 Exception <a 'java/lang/NoSuchMethodError'{0x00000007230dc0c8}: 'java.lang.Object java.lang.invoke.DirectMethodHandle$Holder.invokeStatic(java.lang.Object, java.lang.Object, int, int)'> (0x00000007230dc0c8) 
thrown [s\open\src\hotspot\share\interpreter\linkResolver.cpp, line 759]
Event: 0.349 Thread 0x000001c2da0ba3b0 Exception <a 'java/lang/NoSuchMethodError'{0x0000000722f316c0}: 'java.lang.Object java.lang.invoke.DirectMethodHandle$Holder.invokeInterface(java.lang.Object, java.lang.Object)'> (0x0000000722f316c0) 
thrown [s\open\src\hotspot\share\interpreter\linkResolver.cpp, line 759]
Event: 0.386 Thread 0x000001c2da0ba3b0 Exception <a 'java/lang/NoSuchMethodError'{0x0000000722eb75f0}: 'int java.lang.invoke.DirectMethodHandle$Holder.invokeStatic(java.lang.Object, java.lang.Object, java.lang.Object, java.lang.Object)'> (0x0000000722eb75f0) 
thrown [s\open\src\hotspot\share\interpreter\linkResolver.cpp, line 759]

VM Operations (20 events):
Event: 0.178 Executing VM operation: G1CollectForAllocation done
Event: 0.203 Executing VM operation: HandshakeAllThreads
Event: 0.203 Executing VM operation: HandshakeAllThreads done
Event: 0.240 Executing VM operation: HandshakeAllThreads
Event: 0.240 Executing VM operation: HandshakeAllThreads done
Event: 0.256 Executing VM operation: G1CollectForAllocation
Event: 0.260 Executing VM operation: G1CollectForAllocation done
Event: 0.290 Executing VM operation: G1CollectForAllocation
Event: 0.293 Executing VM operation: G1CollectForAllocation done
Event: 0.306 Executing VM operation: G1CollectForAllocation
Event: 0.308 Executing VM operation: G1CollectForAllocation done
Event: 0.318 Executing VM operation: G1CollectForAllocation
Event: 0.320 Executing VM operation: G1CollectForAllocation done
Event: 0.324 Executing VM operation: G1CollectForAllocation
Event: 0.327 Executing VM operation: G1CollectForAllocation done
Event: 0.338 Executing VM operation: HandshakeAllThreads
Event: 0.338 Executing VM operation: HandshakeAllThreads done
Event: 0.361 Executing VM operation: G1CollectForAllocation
Event: 0.363 Executing VM operation: G1CollectForAllocation done
Event: 0.411 Executing VM operation: G1CollectForAllocation

Events (20 events):
Event: 0.283 loading class java/util/stream/Nodes$SpinedNodeBuilder
Event: 0.283 loading class java/util/stream/Node$Builder
Event: 0.283 loading class java/util/stream/Node$Builder done
Event: 0.283 loading class java/util/stream/Nodes$SpinedNodeBuilder done
Event: 0.283 loading class sun/nio/fs/WindowsPath$WindowsPathWithAttributes
Event: 0.283 loading class sun/nio/fs/BasicFileAttributesHolder
Event: 0.283 loading class sun/nio/fs/BasicFileAttributesHolder done
Event: 0.283 loading class sun/nio/fs/WindowsPath$WindowsPathWithAttributes done
Event: 0.289 Thread 0x000001c2ff549b60 Thread added: 0x000001c2ff549b60
Event: 0.299 Thread 0x000001c2ff909730 Thread added: 0x000001c2ff909730
Event: 0.338 loading class jdk/internal/jimage/ImageReader$LinkNode
Event: 0.338 loading class jdk/internal/jimage/ImageReader$LinkNode done
Event: 0.348 loading class java/lang/invoke/MethodHandle$1
Event: 0.348 loading class java/lang/invoke/MethodHandle$1 done
Event: 0.372 loading class java/util/stream/Nodes$FixedNodeBuilder
Event: 0.372 loading class java/util/stream/Nodes$ArrayNode
Event: 0.372 loading class java/util/stream/Nodes$ArrayNode done
Event: 0.372 loading class java/util/stream/Nodes$FixedNodeBuilder done
Event: 0.408 loading class java/util/function/ToIntBiFunction
Event: 0.408 loading class java/util/function/ToIntBiFunction done


Dynamic libraries:
0x00007ff6aaaa0000 - 0x00007ff6aaaa8000 	C:\Program Files\Java\jdk-17\bin\javac.exe
0x00007ffc44c50000 - 0x00007ffc44e64000 	C:\WINDOWS\SYSTEM32\ntdll.dll
0x00007ffc43070000 - 0x00007ffc43132000 	C:\WINDOWS\System32\KERNEL32.DLL
0x00007ffc42390000 - 0x00007ffc42733000 	C:\WINDOWS\System32\KERNELBASE.dll
0x00007ffc427e0000 - 0x00007ffc428f1000 	C:\WINDOWS\System32\ucrtbase.dll
0x00007ffc26260000 - 0x00007ffc26279000 	C:\Program Files\Java\jdk-17\bin\jli.dll
0x00007ffc34150000 - 0x00007ffc3416b000 	C:\Program Files\Java\jdk-17\bin\VCRUNTIME140.dll
0x00007ffc44370000 - 0x00007ffc4441e000 	C:\WINDOWS\System32\ADVAPI32.dll
0x00007ffc42a30000 - 0x00007ffc42ad7000 	C:\WINDOWS\System32\msvcrt.dll
0x00007ffc42e70000 - 0x00007ffc42f14000 	C:\WINDOWS\System32\sechost.dll
0x00007ffc43190000 - 0x00007ffc432a7000 	C:\WINDOWS\System32\RPCRT4.dll
0x00007ffc44420000 - 0x00007ffc445ca000 	C:\WINDOWS\System32\USER32.dll
0x00007ffc2b6d0000 - 0x00007ffc2b95e000 	C:\WINDOWS\WinSxS\amd64_microsoft.windows.common-controls_6595b64144ccf1df_6.0.22621.1635_none_270f70857386168e\COMCTL32.dll
0x00007ffc42240000 - 0x00007ffc42266000 	C:\WINDOWS\System32\win32u.dll
0x00007ffc432b0000 - 0x00007ffc432d9000 	C:\WINDOWS\System32\GDI32.dll
0x00007ffc42270000 - 0x00007ffc42389000 	C:\WINDOWS\System32\gdi32full.dll
0x00007ffc42740000 - 0x00007ffc427da000 	C:\WINDOWS\System32\msvcp_win.dll
0x00007ffc3c6d0000 - 0x00007ffc3c6da000 	C:\WINDOWS\SYSTEM32\VERSION.dll
0x00007ffc43140000 - 0x00007ffc43171000 	C:\WINDOWS\System32\IMM32.DLL
0x00007ffc35900000 - 0x00007ffc3590c000 	C:\Program Files\Java\jdk-17\bin\vcruntime140_1.dll
0x00007ffc156d0000 - 0x00007ffc1575e000 	C:\Program Files\Java\jdk-17\bin\msvcp140.dll
0x00007ffbcb6c0000 - 0x00007ffbcc29d000 	C:\Program Files\Java\jdk-17\bin\server\jvm.dll
0x00007ffc44260000 - 0x00007ffc44268000 	C:\WINDOWS\System32\PSAPI.DLL
0x00007ffc34410000 - 0x00007ffc34419000 	C:\WINDOWS\SYSTEM32\WSOCK32.dll
0x00007ffc3c4a0000 - 0x00007ffc3c4d4000 	C:\WINDOWS\SYSTEM32\WINMM.dll
0x00007ffc42f80000 - 0x00007ffc42ff1000 	C:\WINDOWS\System32\WS2_32.dll
0x00007ffc41090000 - 0x00007ffc410a8000 	C:\WINDOWS\SYSTEM32\kernel.appcore.dll
0x00007ffc288e0000 - 0x00007ffc288ea000 	C:\Program Files\Java\jdk-17\bin\jimage.dll
0x00007ffc3fb10000 - 0x00007ffc3fd3e000 	C:\WINDOWS\SYSTEM32\DBGHELP.DLL
0x00007ffc42ae0000 - 0x00007ffc42e69000 	C:\WINDOWS\System32\combase.dll
0x00007ffc44290000 - 0x00007ffc44367000 	C:\WINDOWS\System32\OLEAUT32.dll
0x00007ffc39590000 - 0x00007ffc395c2000 	C:\WINDOWS\SYSTEM32\dbgcore.DLL
0x00007ffc42050000 - 0x00007ffc420ca000 	C:\WINDOWS\System32\bcryptPrimitives.dll
0x00007ffc1b180000 - 0x00007ffc1b1a5000 	C:\Program Files\Java\jdk-17\bin\java.dll
0x00007ffbf8d80000 - 0x00007ffbf8e57000 	C:\Program Files\Java\jdk-17\bin\jsvml.dll
0x00007ffc433b0000 - 0x00007ffc43ba9000 	C:\WINDOWS\System32\SHELL32.dll
0x00007ffc40040000 - 0x00007ffc4090e000 	C:\WINDOWS\SYSTEM32\windows.storage.dll
0x00007ffc3ff00000 - 0x00007ffc4003e000 	C:\WINDOWS\SYSTEM32\wintypes.dll
0x00007ffc44620000 - 0x00007ffc44711000 	C:\WINDOWS\System32\SHCORE.dll
0x00007ffc42f20000 - 0x00007ffc42f7e000 	C:\WINDOWS\System32\shlwapi.dll
0x00007ffc41f80000 - 0x00007ffc41fa6000 	C:\WINDOWS\SYSTEM32\profapi.dll
0x00007ffc17360000 - 0x00007ffc17379000 	C:\Program Files\Java\jdk-17\bin\net.dll
0x00007ffc3c360000 - 0x00007ffc3c497000 	C:\WINDOWS\SYSTEM32\WINHTTP.dll
0x00007ffc41510000 - 0x00007ffc41579000 	C:\WINDOWS\system32\mswsock.dll
0x00007ffc17340000 - 0x00007ffc17356000 	C:\Program Files\Java\jdk-17\bin\nio.dll

dbghelp: loaded successfully - version: 4.0.5 - missing functions: none
symbol engine: initialized successfully - sym options: 0x614 - pdb path: .;C:\Program Files\Java\jdk-17\bin;C:\WINDOWS\SYSTEM32;C:\WINDOWS\WinSxS\amd64_microsoft.windows.common-controls_6595b64144ccf1df_6.0.22621.1635_none_270f70857386168e;C:\Program Files\Java\jdk-17\bin\server

VM Arguments:
jvm_args: -Dapplication.home=C:\Program Files\Java\jdk-17 --add-modules=ALL-DEFAULT -Xms8m -Djdk.module.main=jdk.compiler 
java_command: jdk.compiler/com.sun.tools.javac.Main .\\CalculatorSwitchCase.java
java_class_path (initial): <not set>
Launcher Type: SUN_STANDARD

[Global flags]
     intx CICompilerCount                          = 12                                        {product} {ergonomic}
     uint ConcGCThreads                            = 3                                         {product} {ergonomic}
     uint G1ConcRefinementThreads                  = 13                                        {product} {ergonomic}
   size_t G1HeapRegionSize                         = 2097152                                   {product} {ergonomic}
    uintx GCDrainStackTargetSize                   = 64                                        {product} {ergonomic}
   size_t InitialHeapSize                          = 8388608                                   {product} {command line}
   size_t MarkStackSize                            = 4194304                                   {product} {ergonomic}
   size_t MaxHeapSize                              = 3720347648                                {product} {ergonomic}
   size_t MaxNewSize                               = 2231369728                                {product} {ergonomic}
   size_t MinHeapDeltaBytes                        = 2097152                                   {product} {ergonomic}
   size_t MinHeapSize                              = 8388608                                   {product} {command line}
    uintx NonNMethodCodeHeapSize                   = 7602480                                {pd product} {ergonomic}
    uintx NonProfiledCodeHeapSize                  = 122027880                              {pd product} {ergonomic}
    uintx ProfiledCodeHeapSize                     = 122027880                              {pd product} {ergonomic}
    uintx ReservedCodeCacheSize                    = 251658240                              {pd product} {ergonomic}
     bool SegmentedCodeCache                       = true                                      {product} {ergonomic}
   size_t SoftMaxHeapSize                          = 3720347648                             {manageable} {ergonomic}
     bool UseCompressedClassPointers               = true                           {product lp64_product} {ergonomic}
     bool UseCompressedOops                        = true                           {product lp64_product} {ergonomic}
     bool UseG1GC                                  = true                                      {product} {ergonomic}
     bool UseLargePagesIndividualAllocation        = false                                  {pd product} {ergonomic}

Logging:
Log output configuration:
 #0: stdout all=warning uptime,level,tags
 #1: stderr all=off uptime,level,tags

Environment Variables:
JAVA_HOME=C:\Program Files\Microsoft\jdk-11.0.18.10-hotspot\
PATH=C:\Program Files\Common Files\Oracle\Java\javapath;C:\Windows\system32;C:\Windows;C:\Windows\System32\Wbem;C:\Windows\System32\WindowsPowerShell\v1.0\;C:\Windows\System32\OpenSSH\;C:\Program Files (x86)\NVIDIA Corporation\PhysX\Common;C:\Program Files\NVIDIA Corporation\NVIDIA NvDLISR;C:\Program Files\Git\cmd;C:\WINDOWS\system32;C:\WINDOWS;C:\WINDOWS\System32\Wbem;C:\WINDOWS\System32\WindowsPowerShell\v1.0\;C:\WINDOWS\System32\OpenSSH\;C:\ProgramData\chocolatey\bin;C:\Program Files\nodejs\;D:\programs\android studio stuff\Android\Sdk\platform-tools;D:\programs\Android\Sdk\platform-tools;D:\programs\Android\Sdk\tools;C:\Program Files\Java\jdk-17\bin;C:\Users\hriti\AppData\Local\Programs\Python\Python311\Scripts\;C:\Users\hriti\AppData\Local\Programs\Python\Python311\;C:\Users\hriti\AppData\Local\Microsoft\WindowsApps;C:\Users\hriti\AppData\Local\Programs\Microsoft VS Code\bin;C:\Users\hriti\mongosh-1.10.1-win32-x64\mongosh-1.10.1-win32-x64\bin\mongosh.exe;C:\Users\hriti\AppData\Roaming\npm
USERNAME=hritik
LANG=en_US.UTF-8
OS=Windows_NT
PROCESSOR_IDENTIFIER=AMD64 Family 25 Model 80 Stepping 0, AuthenticAMD



---------------  S Y S T E M  ---------------

OS:
 Windows 11 , 64 bit Build 22621 (10.0.22621.1928)
OS uptime: 15 days 12:22 hours

CPU: total 16 (initial active 16) (16 cores per cpu, 2 threads per core) family 25 model 80 stepping 0 microcode 0x0, cx8, cmov, fxsr, ht, mmx, 3dnowpref, sse, sse2, sse3, ssse3, sse4a, sse4.1, sse4.2, popcnt, lzcnt, tsc, tscinvbit, avx, avx2, aes, erms, clmul, bmi1, bmi2, adx, sha, fma, vzeroupper, clflush, clflushopt

Memory: 4k page, system-wide physical 14188M (4978M free)
TotalPageFile size 16236M (AvailPageFile size 9M)
current process WorkingSet (physical memory assigned to process): 73M, peak: 73M
current process commit charge ("private bytes"): 122M, peak: 146M

vm_info: Java HotSpot(TM) 64-Bit Server VM (17.0.7+8-LTS-224) for windows-amd64 JRE (17.0.7+8-LTS-224), built on Feb 28 2023 23:03:02 by "mach5one" with MS VC++ 17.1 (VS2022)

END.
